<?xml version="1.0" encoding="UTF-8"?>
<!DOCTYPE suite SYSTEM "http://testng.org/testng-1.0.dtd" >
<suite name="BasicAcceptanceSuite" parallel="tests" thread-count="2">
   <parameter name="browser" value="Chrome"/>
   <test name="SignUpTestsChrome" preserve-order="true">
      <parameter name="blankEmailAddress" value=""/>
      <parameter name="loginEmail" value="divahar@outlook.com"/>
      <classes>
         <class name="com.appdirect.tests.SignUpTests" />
      </classes>
   </test>
   <test name="LoginTests" preserve-order="true">
      <parameter name="validEmail" value="automationengineer@test.com"/> 
      <classes>
         <class name="com.appdirect.tests.LoginTests" />
      </classes>
   </test>
</suite>