<?xml version="1.0" encoding="UTF-8"?>
<!DOCTYPE suite SYSTEM "http://testng.org/testng-1.0.dtd" >
<suite name="BasicAcceptanceSuite" parallel="false">
   <parameter name="browser" value="Chrome"/>
   <test name="SignUpFailureSimulation">
      <classes>
         <class name="com.appdirect.tests.SignUpTests">
         <methods>
     		<include name="testSimulateFailure" />
   		</methods>
   		</class>
      </classes>
   </test>
</suite>